<?xml version="1.0" encoding="UTF-8"?>
<testsuite xmlns:xsi="http://www.w3.org/2001/XMLSchema-instance" xsi:noNamespaceSchemaLocation="https://maven.apache.org/surefire/maven-surefire-plugin/xsd/surefire-test-report.xsd" version="3.0.1" name="com.mayab.quality.logginunittest.service.UserServiceTest" time="0.426" tests="4" errors="0" skipped="0" failures="1">
  <properties>
[...]
</properties>
  <testcase name="testPasswordShort" classname="com.mayab.quality.logginunittest.service.UserServiceTest" time="0.334"/>
  <testcase name="testEmailInvalid" classname="com.mayab.quality.logginunittest.service.UserServiceTest" time="0.049"/>
  <testcase name="testPasswordLong" classname="com.mayab.quality.logginunittest.service.UserServiceTest" time="0.026">
    <failure message="expected: &lt;null&gt; but was: &lt;User [id=0, name=TestEmail, email=TestName, password=AAAAAAAAAAAAAAAA, isLogged=false]&gt;" type="org.opentest4j.AssertionFailedError"><![CDATA[org.opentest4j.AssertionFailedError: expected: <null> but was: <User [id=0, name=TestEmail, email=TestName, password=AAAAAAAAAAAAAAAA, isLogged=false]>
	at org.junit.jupiter.api.AssertionFailureBuilder.build(AssertionFailureBuilder.java:151)
	at org.junit.jupiter.api.AssertionFailureBuilder.buildAndThrow(AssertionFailureBuilder.java:132)
	at org.junit.jupiter.api.AssertEquals.failNotEqual(AssertEquals.java:197)
	at org.junit.jupiter.api.AssertEquals.assertEquals(AssertEquals.java:182)
	at org.junit.jupiter.api.AssertEquals.assertEquals(AssertEquals.java:177)
	at org.junit.jupiter.api.Assertions.assertEquals(Assertions.java:1145)
	at com.mayab.quality.logginunittest.service.UserServiceTest.testPasswordLong(UserServiceTest.java:45)
	at java.base/java.lang.reflect.Method.invoke(Method.java:580)
	at java.base/java.util.ArrayList.forEach(ArrayList.java:1597)
	at java.base/java.util.ArrayList.forEach(ArrayList.java:1597)
]]></failure>
  </testcase>
  <testcase name="testAllDataValid" classname="com.mayab.quality.logginunittest.service.UserServiceTest" time="0.004"/>
</testsuite>