<?xml version="1.0" encoding="UTF-8"?>
<testsuite xmlns:xsi="http://www.w3.org/2001/XMLSchema-instance" xsi:noNamespaceSchemaLocation="https://maven.apache.org/surefire/maven-surefire-plugin/xsd/surefire-test-report.xsd" version="3.0.1" name="com.mayab.quality.logginunittest.service.UserDAOTest" time="0.013" tests="1" errors="1" skipped="0" failures="0">
  <properties>
[...]
</properties>
  <testcase name="testAgregarUsuario" classname="com.mayab.quality.logginunittest.service.UserDAOTest" time="0.004">
    <error message="Unresolved compilation problems: &#10;	The hierarchy of the type UserDAOTest is inconsistent&#10;	The method getConnection() is undefined for the type UserDAOTest&#10;	The method fail(String) is undefined for the type UserDAOTest&#10;	FileInputStream cannot be resolved to a type&#10;	The method getConnection() is undefined for the type UserDAOTest&#10;	File cannot be resolved to a type&#10;	The method fail(String) is undefined for the type UserDAOTest&#10;" type="java.lang.Error"><![CDATA[java.lang.Error: 
Unresolved compilation problems: 
	The hierarchy of the type UserDAOTest is inconsistent
	The method getConnection() is undefined for the type UserDAOTest
	The method fail(String) is undefined for the type UserDAOTest
	FileInputStream cannot be resolved to a type
	The method getConnection() is undefined for the type UserDAOTest
	File cannot be resolved to a type
	The method fail(String) is undefined for the type UserDAOTest

	at com.mayab.quality.logginunittest.service.UserDAOTest.<init>(UserDAOTest.java:18)
	at java.base/java.lang.reflect.Constructor.newInstanceWithCaller(Constructor.java:501)
	at java.base/java.lang.reflect.Constructor.newInstance(Constructor.java:485)
	at java.base/java.util.Optional.orElseGet(Optional.java:364)
	at java.base/java.util.ArrayList.forEach(ArrayList.java:1597)
	at java.base/java.util.ArrayList.forEach(ArrayList.java:1597)
]]></error>
  </testcase>
</testsuite>